<?xml version="1.0" encoding="UTF-8"?>
<!-- Generated by org.testng.reporters.JUnitReportReporter -->
<testsuite hostname="DESKTOP-R2D29BC" failures="0" tests="3" name="com.tutorialsninja.qa.testcases.SearchTest" time="28.272" errors="0" timestamp="2023-06-07T15:22:12 CEST" skipped="0">
  <testcase classname="com.tutorialsninja.qa.testcases.SearchTest" name="verifySearchWithValidProduct" time="8.943"/>
  <system-out/>
  <testcase classname="com.tutorialsninja.qa.testcases.SearchTest" name="verifySearchWithInvalidProduct" time="8.812"/>
  <system-out/>
  <testcase classname="com.tutorialsninja.qa.testcases.SearchTest" name="verifySearchWithoutAnyProduct" time="10.517"/>
  <system-out/>
</testsuite> <!-- com.tutorialsninja.qa.testcases.SearchTest -->
