<?xml version="1.0" encoding="UTF-8"?>
<!-- Generated by org.testng.reporters.JUnitReportReporter -->
<testsuite hostname="DESKTOP-R2D29BC" failures="0" tests="4" name="com.tutorialsninja.qa.testcases.RegisterTest" time="45.624" errors="0" timestamp="2023-06-07T15:22:12 CEST" skipped="0">
  <testcase classname="com.tutorialsninja.qa.testcases.RegisterTest" name="verifyRegisteringAccountWithMandatoryFields" time="10.705"/>
  <system-out/>
  <testcase classname="com.tutorialsninja.qa.testcases.RegisterTest" name="verifyRegisteringAccountByProvidingAllFields" time="11.099"/>
  <system-out/>
  <testcase classname="com.tutorialsninja.qa.testcases.RegisterTest" name="verifyRegisteringAccountWtihExistingEmailAddress" time="10.576"/>
  <system-out/>
  <testcase classname="com.tutorialsninja.qa.testcases.RegisterTest" name="verifyRegisteringAccountWtihoutFillingDetails" time="13.244"/>
  <system-out/>
</testsuite> <!-- com.tutorialsninja.qa.testcases.RegisterTest -->
